<?xml version="1.0" encoding="UTF-8"?>
<testng-results ignored="0" total="2" passed="2" failed="0" skipped="0">
  <reporter-output>
  </reporter-output>
  <suite started-at="2023-08-08T12:11:48 CEST" name="All Test Suite" finished-at="2023-08-08T12:12:32 CEST" duration-ms="43698">
    <groups>
    </groups>
    <test started-at="2023-08-08T12:11:48 CEST" name="Test" finished-at="2023-08-08T12:12:32 CEST" duration-ms="43698">
      <class name="test.java.TpCarrefourTest2">
        <test-method is-config="true" signature="setUp()[pri:0, instance:test.java.TpCarrefourTest2@4372b9b6]" started-at="2023-08-08T12:12:12 CEST" name="setUp" finished-at="2023-08-08T12:12:21 CEST" duration-ms="8437" status="PASS">
          <reporter-output>
          </reporter-output>
        </test-method> <!-- setUp -->
        <test-method signature="test2()[pri:0, instance:test.java.TpCarrefourTest2@4372b9b6]" started-at="2023-08-08T12:12:21 CEST" name="test2" finished-at="2023-08-08T12:12:21 CEST" duration-ms="1" status="PASS">
          <reporter-output>
          </reporter-output>
        </test-method> <!-- test2 -->
        <test-method is-config="true" signature="teardown(org.testng.ITestResult)[pri:0, instance:test.java.TpCarrefourTest2@4372b9b6]" started-at="2023-08-08T12:12:21 CEST" name="teardown" finished-at="2023-08-08T12:12:32 CEST" duration-ms="11163" status="PASS">
          <params>
            <param index="0">
              <value>
                <![CDATA[[TestResult name=test2 status=SUCCESS method=TpCarrefourTest2.test2()[pri:0, instance:test.java.TpCarrefourTest2@4372b9b6] output={null}]]]>
              </value>
            </param>
          </params>
          <reporter-output>
          </reporter-output>
        </test-method> <!-- teardown -->
      </class> <!-- test.java.TpCarrefourTest2 -->
      <class name="test.java.TpCarrefourTest">
        <test-method is-config="true" signature="setUp()[pri:0, instance:test.java.TpCarrefourTest@906d29b]" started-at="2023-08-08T12:11:48 CEST" name="setUp" finished-at="2023-08-08T12:12:01 CEST" duration-ms="12074" status="PASS">
          <reporter-output>
          </reporter-output>
        </test-method> <!-- setUp -->
        <test-method signature="test()[pri:0, instance:test.java.TpCarrefourTest@906d29b]" started-at="2023-08-08T12:12:01 CEST" name="test" finished-at="2023-08-08T12:12:01 CEST" duration-ms="12" status="PASS">
          <reporter-output>
          </reporter-output>
        </test-method> <!-- test -->
        <test-method is-config="true" signature="teardown(org.testng.ITestResult)[pri:0, instance:test.java.TpCarrefourTest@906d29b]" started-at="2023-08-08T12:12:01 CEST" name="teardown" finished-at="2023-08-08T12:12:12 CEST" duration-ms="11940" status="PASS">
          <params>
            <param index="0">
              <value>
                <![CDATA[[TestResult name=test status=SUCCESS method=TpCarrefourTest.test()[pri:0, instance:test.java.TpCarrefourTest@906d29b] output={null}]]]>
              </value>
            </param>
          </params>
          <reporter-output>
          </reporter-output>
        </test-method> <!-- teardown -->
      </class> <!-- test.java.TpCarrefourTest -->
    </test> <!-- Test -->
  </suite> <!-- All Test Suite -->
</testng-results>
